
Working on structure 1
Fixing common structure mistakes...
  No mistakes were found
Pre-treating metals...
Done treating metals
Assigning bond orders...
  Using CCD: True
  No bond orders were changed
Adding hydrogens...
Treating metals...
Deleting far waters...
done deleting waters
Detecting missing residue atoms...
Finding het groups...
Coloring atoms by element (green carbons in hets)...
Running ProtAssign...
  will sample waters
  Using PROPKA with pH: 7.5
  RUNNING: /home/zhonghua/programs/Schrodinger_2018/utilities/protassign 1D6N_A68K_G102K_F35L_renumber-protassign.mae 1D6N_A68K_G102K_F35L_renumber-protassign-out.mae -NOJOBID -propka_pH 7.5
Optimize H-bond job completed.
done with preparation
Writing to file...
DONE. Output file: 1D6N_A68K_G102K_F35L_renumber_prep.pdb
